<?xml version="1.0" encoding="UTF-8"?>
<testng-results skipped="0" failed="0" ignored="0" total="2" passed="2">
  <reporter-output>
  </reporter-output>
  <suite name="Default suite" duration-ms="85" started-at="2020-06-05T14:19:01 EDT" finished-at="2020-06-05T14:19:01 EDT">
    <groups>
    </groups>
    <test name="Default test" duration-ms="85" started-at="2020-06-05T14:19:01 EDT" finished-at="2020-06-05T14:19:01 EDT">
      <class name="javaclass.loopwhile">
        <test-method status="PASS" signature="erry()[pri:0, instance:javaclass.loopwhile@5f9d02cb]" name="erry" duration-ms="14" started-at="2020-06-05T14:19:01 EDT" finished-at="2020-06-05T14:19:01 EDT">
          <reporter-output>
          </reporter-output>
        </test-method> <!-- erry -->
        <test-method status="PASS" signature="while01()[pri:0, instance:javaclass.loopwhile@5f9d02cb]" name="while01" duration-ms="5" started-at="2020-06-05T14:19:01 EDT" finished-at="2020-06-05T14:19:01 EDT">
          <reporter-output>
          </reporter-output>
        </test-method> <!-- while01 -->
      </class> <!-- javaclass.loopwhile -->
    </test> <!-- Default test -->
  </suite> <!-- Default suite -->
</testng-results>
